<?xml version="1.0" encoding="UTF-8"?>
<!-- Generated by org.testng.reporters.JUnitXMLReporter -->
<testsuite ignored="0" hostname="vaibhav" failures="0" tests="3" name="Test" time="7.422" errors="0" timestamp="13 Jul 2024 13:17:10 GMT">
  <testcase classname="testng_practise.ListenersExecution_naukariurl" name="verify_link_job" time="2.178"/>
  <testcase classname="testng_practise.ListenersExecution_naukariurl" name="verify_link_companies" time="2.173"/>
  <testcase classname="testng_practise.ListenersExecution_naukariurl" name="verify_link_services" time="2.16"/>
</testsuite> <!-- Test -->
