<?xml version="1.0" encoding="UTF-8"?>
<!-- Generated by org.testng.reporters.JUnitXMLReporter -->
<testsuite ignored="5" hostname="vaibhav" failures="0" tests="5" name="AutomationTest" time="0.042" errors="0" timestamp="13 Jul 2024 11:31:13 GMT">
  <testcase classname="testng_practise.Class_002groups" name="a" time="0.009"/>
  <testcase classname="testng_practise.Class_002groups" name="b" time="0.001"/>
  <testcase classname="testng_practise.Class_002groups" name="c" time="0.001"/>
  <testcase classname="testng_practise.Class_002groups" name="d" time="0.001"/>
  <testcase classname="testng_practise.Class_002groups" name="e" time="0.0"/>
  <testcase classname="testng_practise.Class_002groups" name="h" time="0.0">
    <ignored/>
  </testcase> <!-- h -->
  <testcase classname="testng_practise.Class_002groups" name="g" time="0.0">
    <ignored/>
  </testcase> <!-- g -->
  <testcase classname="testng_practise.Class_002groups" name="j" time="0.0">
    <ignored/>
  </testcase> <!-- j -->
  <testcase classname="testng_practise.Class_002groups" name="i" time="0.0">
    <ignored/>
  </testcase> <!-- i -->
  <testcase classname="testng_practise.Class_002groups" name="f" time="0.0">
    <ignored/>
  </testcase> <!-- f -->
</testsuite> <!-- AutomationTest -->
